2025-04-18T13:45:47.769+0800	INFO	oss/init.go:23	minio endpoint: 10.21.23.14:10004
2025-04-18T13:45:47.769+0800	INFO	oss/init.go:24	minio bucket: moity-blog
2025-04-18T13:45:47.769+0800	INFO	oss/init.go:25	minio use ssl: false
2025-04-18T13:45:47.769+0800	INFO	oss/init.go:26	minio access key id: ********************
2025-04-18T13:45:47.769+0800	INFO	oss/init.go:27	minio secret access key: ****************************************
2025-04-18T13:45:47.769+0800	INFO	oss/init.go:28	minio client init success
2025-04-18T13:57:19.455+0800	INFO	oss/init.go:23	minio endpoint: 10.21.23.14:10004
2025-04-18T13:57:19.456+0800	INFO	oss/init.go:24	minio bucket: moity-blog
2025-04-18T13:57:19.456+0800	INFO	oss/init.go:25	minio use ssl: false
2025-04-18T13:57:19.456+0800	INFO	oss/init.go:26	minio access key id: ********************
2025-04-18T13:57:19.456+0800	INFO	oss/init.go:27	minio secret access key: ****************************************
2025-04-18T13:57:19.456+0800	INFO	oss/init.go:28	minio client init success
2025-04-18T14:24:10.416+0800	INFO	oss/init.go:23	minio endpoint: 10.21.23.14:10004
2025-04-18T14:24:10.417+0800	INFO	oss/init.go:24	minio bucket: moity-blog
2025-04-18T14:24:10.417+0800	INFO	oss/init.go:25	minio use ssl: false
2025-04-18T14:24:10.418+0800	INFO	oss/init.go:26	minio access key id: ********************
2025-04-18T14:24:10.418+0800	INFO	oss/init.go:27	minio secret access key: ****************************************
2025-04-18T14:24:10.418+0800	INFO	oss/init.go:28	minio client init success
2025-04-18T14:28:29.852+0800	INFO	oss/init.go:23	minio endpoint: 10.21.23.14:10004
2025-04-18T14:28:29.853+0800	INFO	oss/init.go:24	minio bucket: moity-blog
2025-04-18T14:28:29.853+0800	INFO	oss/init.go:25	minio use ssl: false
2025-04-18T14:28:29.853+0800	INFO	oss/init.go:26	minio access key id: ********************
2025-04-18T14:28:29.853+0800	INFO	oss/init.go:27	minio secret access key: ****************************************
2025-04-18T14:28:29.853+0800	INFO	oss/init.go:28	minio client init success
2025-04-18T14:28:29.878+0800	ERROR	utils/ossUtil.go:24	Minio Create Bucket Error: The Access Key Id you provided does not exist in our records.
2025-04-18T14:28:29.919+0800	ERROR	utils/ossUtil.go:24	Minio Create Bucket Error: The Access Key Id you provided does not exist in our records.
2025-04-18T14:28:29.919+0800	ERROR	utils/ossUtil.go:24	Minio Create Bucket Error: Bucket name cannot be empty
2025-04-18T14:29:04.019+0800	INFO	oss/init.go:23	minio endpoint: 10.21.23.14:10004
2025-04-18T14:29:04.019+0800	INFO	oss/init.go:24	minio bucket: moity-blog
2025-04-18T14:29:04.019+0800	INFO	oss/init.go:25	minio use ssl: false
2025-04-18T14:29:04.019+0800	INFO	oss/init.go:26	minio access key id: ********************
2025-04-18T14:29:04.019+0800	INFO	oss/init.go:27	minio secret access key: ****************************************
2025-04-18T14:29:04.019+0800	INFO	oss/init.go:28	minio client init success
2025-04-18T14:29:04.038+0800	ERROR	utils/ossUtil.go:24	Minio Create Bucket Error: The Access Key Id you provided does not exist in our records.
2025-04-18T14:29:04.053+0800	ERROR	utils/ossUtil.go:24	Minio Create Bucket Error: The Access Key Id you provided does not exist in our records.
2025-04-18T14:29:04.053+0800	ERROR	utils/ossUtil.go:24	Minio Create Bucket Error: Bucket name cannot be empty
2025-04-18T14:30:19.604+0800	INFO	oss/init.go:23	minio endpoint: 10.21.23.14:10004
2025-04-18T14:30:19.605+0800	INFO	oss/init.go:24	minio bucket: moity-blog
2025-04-18T14:30:19.605+0800	INFO	oss/init.go:25	minio use ssl: false
2025-04-18T14:30:19.605+0800	INFO	oss/init.go:26	minio access key id: ********************
2025-04-18T14:30:19.605+0800	INFO	oss/init.go:27	minio secret access key: ****************************************
2025-04-18T14:30:19.605+0800	INFO	oss/init.go:28	minio client init success
2025-04-18T14:30:19.731+0800	INFO	utils/ossUtil.go:27	Successfully created test-bucket

2025-04-18T14:30:19.745+0800	ERROR	utils/ossUtil.go:24	Minio Create Bucket Error: Bucket name cannot be empty
2025-04-18T14:32:50.806+0800	INFO	oss/init.go:23	minio endpoint: 10.21.23.14:10004
2025-04-18T14:32:50.806+0800	INFO	oss/init.go:24	minio bucket: moity-blog
2025-04-18T14:32:50.806+0800	INFO	oss/init.go:25	minio use ssl: false
2025-04-18T14:32:50.806+0800	INFO	oss/init.go:26	minio access key id: ********************
2025-04-18T14:32:50.806+0800	INFO	oss/init.go:27	minio secret access key: ****************************************
2025-04-18T14:32:50.806+0800	INFO	oss/init.go:28	minio client init success
2025-04-18T14:32:51.013+0800	DEBUG	utils/ossUtil.go:29	Successfully created test-bucket

2025-04-18T14:32:51.026+0800	DEBUG	utils/ossUtil.go:22	We already own test-bucket

2025-04-18T14:32:51.026+0800	ERROR	utils/ossUtil.go:25	Minio Create Bucket Error: Bucket name cannot be empty
2025-04-18T14:39:07.699+0800	INFO	oss/init.go:23	minio endpoint: 10.21.23.14:10004
2025-04-18T14:39:07.699+0800	INFO	oss/init.go:24	minio bucket: moity-blog
2025-04-18T14:39:07.699+0800	INFO	oss/init.go:25	minio use ssl: false
2025-04-18T14:39:07.699+0800	INFO	oss/init.go:26	minio access key id: ********************
2025-04-18T14:39:07.699+0800	INFO	oss/init.go:27	minio secret access key: ****************************************
2025-04-18T14:39:07.699+0800	INFO	oss/init.go:28	minio client init success
2025-04-18T14:39:07.845+0800	DEBUG	utils/ossUtil.go:29	Successfully created test-bucket

2025-04-18T14:39:07.861+0800	DEBUG	utils/ossUtil.go:22	We already own test-bucket

2025-04-18T14:39:07.861+0800	ERROR	utils/ossUtil.go:25	Minio Create Bucket Error: Bucket name cannot be empty
2025-04-18T14:41:40.167+0800	INFO	config/config.go:49	config-app:(config.AppConfig{Name:"MOITY Blog Backend", RunMode:"local", Addr:"127.0.0.1", Port:":8080", JwtSecret:"123456", JwtExpirationTime:7})
2025-04-18T14:41:40.168+0800	INFO	oss/init.go:23	minio endpoint: 10.21.23.14:10004
2025-04-18T14:41:40.168+0800	INFO	oss/init.go:24	minio bucket: moity-blog
2025-04-18T14:41:40.168+0800	INFO	oss/init.go:25	minio use ssl: false
2025-04-18T14:41:40.168+0800	INFO	oss/init.go:26	minio access key id: ********************
2025-04-18T14:41:40.168+0800	INFO	oss/init.go:27	minio secret access key: ****************************************
2025-04-18T14:41:40.168+0800	INFO	oss/init.go:28	minio client init success
2025-04-18T14:41:40.299+0800	DEBUG	utils/ossUtil.go:29	Successfully created test-bucket

2025-04-18T14:41:40.310+0800	DEBUG	utils/ossUtil.go:22	We already own test-bucket

2025-04-18T14:41:40.310+0800	ERROR	utils/ossUtil.go:25	Minio Create Bucket Error: Bucket name cannot be empty
2025-04-18T14:51:07.013+0800	INFO	config/config.go:49	config-app:(config.AppConfig{Name:"MOITY Blog Backend", RunMode:"local", Addr:"127.0.0.1", Port:":8080", JwtSecret:"123456", JwtExpirationTime:7})
2025-04-18T14:51:07.014+0800	INFO	oss/init.go:23	minio endpoint: 10.21.23.14:10004
2025-04-18T14:51:07.014+0800	INFO	oss/init.go:24	minio bucket: moity-blog
2025-04-18T14:51:07.014+0800	INFO	oss/init.go:25	minio use ssl: false
2025-04-18T14:51:07.014+0800	INFO	oss/init.go:26	minio access key id: ********************
2025-04-18T14:51:07.014+0800	INFO	oss/init.go:27	minio secret access key: ****************************************
2025-04-18T14:51:07.014+0800	INFO	oss/init.go:28	minio client init success
2025-04-18T14:51:07.095+0800	DEBUG	utils/ossUtil.go:29	Successfully created test-bucket

2025-04-18T14:51:22.343+0800	INFO	config/config.go:49	config-app:(config.AppConfig{Name:"MOITY Blog Backend", RunMode:"local", Addr:"127.0.0.1", Port:":8080", JwtSecret:"123456", JwtExpirationTime:7})
2025-04-18T14:51:22.344+0800	INFO	oss/init.go:23	minio endpoint: 10.21.23.14:10004
2025-04-18T14:51:22.344+0800	INFO	oss/init.go:24	minio bucket: moity-blog
2025-04-18T14:51:22.344+0800	INFO	oss/init.go:25	minio use ssl: false
2025-04-18T14:51:22.344+0800	INFO	oss/init.go:26	minio access key id: ********************
2025-04-18T14:51:22.344+0800	INFO	oss/init.go:27	minio secret access key: ****************************************
2025-04-18T14:51:22.344+0800	INFO	oss/init.go:28	minio client init success
2025-04-18T14:51:22.445+0800	DEBUG	utils/ossUtil.go:29	Successfully created test-bucket

